<?xml version="1.0" encoding="UTF-8"?>
<!-- Generated by org.testng.reporters.JUnitReportReporter -->
<testsuite hostname="DESKTOP-QU383CH" failures="0" tests="6" name="testScripts.TestCase" time="65.312" errors="0" timestamp="2023-03-16T12:10:13 GMT" skipped="0">
  <testcase classname="testScripts.TestCase" name="login" time="3.556"/>
  <system-out/>
  <testcase classname="testScripts.TestCase" name="addItem" time="18.366"/>
  <system-out/>
  <testcase classname="testScripts.TestCase" name="addItem" time="19.284"/>
  <system-out/>
  <testcase classname="testScripts.TestCase" name="cart" time="6.001"/>
  <system-out/>
  <testcase classname="testScripts.TestCase" name="delete" time="3.417"/>
  <system-out/>
  <testcase classname="testScripts.TestCase" name="Placeorder" time="14.688"/>
  <system-out/>
</testsuite> <!-- testScripts.TestCase -->
