<?xml version="1.0" encoding="UTF-8"?>
<!-- Generated by org.testng.reporters.JUnitReportReporter -->
<testsuite hostname="DESKTOP-QU383CH" failures="0" tests="6" name="testScripts.TestCase" time="63.771" errors="0" timestamp="2023-03-16T07:15:26 GMT" skipped="0">
  <testcase classname="testScripts.TestCase" name="login" time="4.157"/>
  <system-out/>
  <testcase classname="testScripts.TestCase" name="addItem" time="15.602"/>
  <system-out/>
  <testcase classname="testScripts.TestCase" name="addItem" time="14.820"/>
  <system-out/>
  <testcase classname="testScripts.TestCase" name="cart" time="7.123"/>
  <system-out/>
  <testcase classname="testScripts.TestCase" name="delete" time="2.681"/>
  <system-out/>
  <testcase classname="testScripts.TestCase" name="Placeorder" time="19.388"/>
  <system-out/>
</testsuite> <!-- testScripts.TestCase -->
